18:52:09.137 [INFO] Connecting locally to instance AD/ENG.
18:52:10.111 [INFO] Connected to Arcad Server instance AD/ENG version 22.01.00 with CCSID 37
18:52:10.646 [INFO] Starting project synchronization
18:52:11.479 [INFO] Configuration summary:
	- Repository: git@github.com:bmarolleau/MMO22.git
	- Branch: feature/Myfirstfeature
	- Application: MMO2
	- Project IFS directory: /home/BENOIT/MMO22
	- Target IFS directory: /ArcADSCM/MMO2/SB.00.00
	- Target version: MMO2 DEV SB.00.00
	- Hash comparison: MD5
	- Synchronization type: SANDBOX
18:52:11.479 [INFO] Preparing transfer operations
18:52:11.965 [INFO] Created 16 transfer operation(s)
18:52:12.111 [INFO] Nothing to transfer to QRPGLESRC; all transfers were skipped.
18:52:12.111 [INFO] Nothing to transfer to QRPGSRC; all transfers were skipped.
18:52:12.111 [INFO] Nothing to transfer to QDTASRC; all transfers were skipped.
18:52:12.112 [INFO] Nothing to transfer to QMSGFSRC; all transfers were skipped.
18:52:12.112 [INFO] Nothing to transfer to QDDSSRC; all transfers were skipped.
18:52:12.112 [INFO] Nothing to transfer to QCLSRC; all transfers were skipped.
18:52:12.112 [INFO] Nothing to transfer to QILESRC; all transfers were skipped.
18:52:12.113 [INFO] Nothing to transfer to QILESRVSRC; all transfers were skipped.
18:52:12.113 [INFO] Nothing to transfer to QPNLSRC; all transfers were skipped.
18:52:12.113 [INFO] Nothing to transfer to QCMDSRC; all transfers were skipped.
18:52:12.113 [INFO] Nothing to transfer to QSQLSRC; all transfers were skipped.
18:52:12.113 [INFO] Nothing to transfer to QTRGSRC; all transfers were skipped.
18:52:12.114 [INFO] Nothing to transfer to QSRVSRC; all transfers were skipped.
18:52:12.114 [INFO] Nothing to transfer to QPROTOSRC; all transfers were skipped.
18:52:12.114 [INFO] Nothing to transfer to QCBLSRC; all transfers were skipped.
18:52:12.114 [INFO] Nothing to transfer to QBNDSRC; all transfers were skipped.
18:52:12.257 [INFO] Exported transfers list to /ArcADSCM/MMO2/SB.00.00/transfersList.json
18:52:12.258 [INFO] Duration: 0 second(s)
18:52:12.268 [INFO] Preparing a full build using Macro-command *LIBL/BUILD
18:52:12.270 [INFO] Running full build on version MMO2 DEV SB.00.00 using Macro-command *LIBL/BUILD
18:52:14.498 [INFO] Macro-command BUILD instance 22 started.
18:52:14.523 [INFO] Macro-command submitted in job 390120/BENOIT/BUILD
18:52:15.481 [INFO] Sequence 10: ACHGVAR VAR(WTGTRLS) VALUE('*CURRENT')
18:52:15.481 [INFO] Sequence 20: AGETAPPVAR ENV(MMO2 *NONE *NONE) GRPVAR(ARCAD_STANDARD) GRPVAL(CHANGER) VAR(TGTRLS) TOVAR(WTGTRLS)
18:52:15.482 [INFO] Sequence 30: ACHGVAR VAR(WBYPASS) VALUE('*NO')
18:52:15.482 [INFO] Sequence 40: AGETAPPVAR ENV(MMO2 *NONE *NONE) GRPVAR(ARCAD_STANDARD) GRPVAL(CHANGER) VAR(BUILD_ALLOW_BYPASS) TOVAR(WBYPASS)
18:52:15.482 [INFO] Sequence 50: ACHGVAR VAR(WSTATUS) VALUE('KO')
18:52:15.483 [INFO] Sequence 60: ACHKLST LIST(MO2SB0000/LSTDLVSRC)
18:52:15.484 [ERROR] [MSG0318]: List MO2SB0000/LSTDLVSRC does not exist.
18:52:15.484 [INFO] Sequence 70: AIF COND((*IF MSG0318 *EQ MSG0318)) THEN(ACHGVAR VAR(PMODE) VALUE(*FULL) TYPE(*CHAR))
18:52:15.485 [INFO] Sequence 80: ACHKVER APP(MMO2) ENV(DEV) VERSION(SB.00.00) AUT(*YES) ACTIVE(*YES) CHKVLD(*NO)
18:52:15.485 [INFO] Sequence 90: AINZCURENV APP(MMO2) ENV(DEV) VERSION(SB.00.00)
18:52:15.486 [INFO] Sequence 100: ACRTLST LIST(MO2SB0000/LSTSRCBLD) REPLACE(*YES) TEXT('List of sources to build')
18:52:15.486 [INFO] Sequence 100: ACRTLST LIST(MO2SB0000/LSTSRCBLD) REPLACE(*YES) TEXT('List of sources to build')
18:52:15.487 [INFO] Sequence 110: ACRTLST LIST(MO2SB0000/LSTXREF) REPLACE(*YES) TEXT('List of Xref compile')
18:52:15.487 [INFO] Sequence 120: ACRTLST LIST(MO2SB0000/LSTBYPASS) REPLACE(*YES) TEXT('List of components that doesn''t compile')
18:52:15.487 [INFO] Sequence 130: ACHKLST LIST(ARC_MO2LST/LSTBYPASS)
18:52:15.488 [INFO] Sequence 140: ACRTREFLST APP(MMO2) FROMVERS(SB.00.00) TOVERS(*FROMVERS) LIBTYPE(*ENV) TOSRCLIST(MO2SB0000/LSTSRCBLD) TOOBJLIST(MO2SB0000/LSTOBJBLD) INCDLT(*YES) GENSTEP(*MAINT)
18:52:15.488 [INFO] Sequence 150: AEXCSQL SQLSTM('update MO2SB0000/lstsrcbld s set LST_CZSEL7 = ( select t.TYP_CXTYPE FROM ARCAD_PRD/aARTTYPF1 t WHERE t.TYP_CISSRC = ''1'' and t.typ_ctype = s.LST_CTYPE and t.TYP_CCPLT = s.lst_ccplt  )                                        where exis
18:52:15.490 [INFO] Sequence 160: AEXTLST FROMLIST(MO2SB0000/LSTSRCBLD) TOLIST(MO2SB0000/LSTDELETE) RMVELEM(*YES) SELECT(*ALL *ALL () () *ALL *ALL *ALL *NONE *NONE *ALL H ())
18:52:15.490 [INFO] Sequence 170: AINZLST LIST(MO2SB0000/LSTDELETE) UNHLDELEM(*YES)
18:52:15.491 [INFO] Sequence 180: AIF COND((*IF *FULL *EQ '*DELTA')) THEN(ACALLSUBR SUBR(DELTA))
18:52:15.491 [INFO] Sequence 190: ACHKLST LIST(MO2SB0000/LSTSRCBLD) CHKELEM(*YES)
18:52:15.491 [INFO] Sequence 200: AEXTLST FROMLIST(MO2SB0000/LSTSRCBLD) TOLIST(MO2SB0000/LSTRCPL0) TOLISTTEXT('List of sources with object') EXPR('LST_JXLIB *NE '' ''')
18:52:15.492 [INFO] Sequence 210: AEXTLST FROMLIST(MO2SB0000/LSTSRCBLD) TOLIST(MO2SB0000/LSTSRCCOPY) TOLISTTEXT('List of sources without object') EXPR('LST_JXLIB = '' ''')
18:52:16.922 [INFO] Sequence 220: ACRTSXRLST REFTYPE(*INCLUDE) RTVSUBLVL(*YES) FROMREF(*LST) LNKTYPE(*COPYPGM) INCREFOBJ(*NO) LIST(MO2SB0000/LSTSRCCOPY) APP(MMO2) VERSLVL(*CURENV) TOLIST(MO2SB0000/LSTRCPLCPY) CHKVERCPL(*YES) USEAPPLNK(*NONE)
18:52:16.922 [INFO] Sequence 230: AEXTLST FROMLIST(MO2SB0000/LSTRCPLCPY) TOLIST(*NONE) RMVELEM(*YES) SELECT(*ALL *ALL () () *ALL *ALL *ALL *NONE *NONE *ALL H ())
18:52:16.922 [INFO] Sequence 240: AEXCSQL SQLSTM('update MO2SB0000/LSTRCPLCPY s set LST_CZSEL7 = ( select t.TYP_CXTYPE FROM ARCAD_PRD/aARTTYPF1 t WHERE t.TYP_CISSRC = ''1'' and t.typ_ctype = s.LST_CTYPE and t.TYP_CCPLT = s.lst_ccplt  )                                      where exist
18:52:16.923 [INFO] Sequence 250: AEXCSQL SQLSTM(' delete   from MO2SB0000/LSTRCPLCPY x   where  exists  (select lst_ctype from MO2SB0000/lstsrcbld s  where  s.LST_CZSEL7 = x.LST_CZSEL7 and s.lst_jobj = x.lst_jobj  and s.lst_ctype <> x.lst_ctype)')
18:52:16.923 [INFO] Sequence 260: AEXCSQL SQLSTM('delete   from MO2SB0000/LSTRCPLCPY           WHERE LST_JXLIB = '' ''')
18:52:16.923 [INFO] Sequence 270: ACALLSUBR SUBR(CPL1)
18:52:16.924 [INFO] Sequence 390: AEXTLST FROMLIST(MO2SB0000/LSTRCPL0) TOLIST(MO2SB0000/LSTRCPL1) TOLISTTEXT('List of source for *FILE') EXPR('LST_NORD *LE 7')
18:52:16.924 [INFO] Sequence 400: AEXTLST FROMLIST(MO2SB0000/LSTRCPL1) TOLIST(*NONE) RMVELEM(*YES) EXPR('LST_CTYPE *CT ''*''')
18:52:16.924 [INFO] Sequence 410: AADJLSTORD LIST(MO2SB0000/LSTRCPL1) SRCLIB(*LIBL) FILE(*YES) SRVPGM(*NO)
18:52:16.924 [INFO] Sequence 420: ACHGVAR VAR(WLSTCPL) VALUE(LSTRCPL1)
18:52:16.925 [INFO] Sequence 430: ACPLOBJ OBJ(*LST) LIST(MO2SB0000/LSTRCPL1) SRCLIB(*LIBL) ORDLIST(*YES) MODE(*INTER) XREFLIST(*YES) TOLIST(*CURENV/LSTXREF) CPLMOD1DEP(*NO) TGTRLS(*CURRENT) EVENTF(*EVENTF)
18:52:16.926 [WARN] [MSG2218]: No processing, list LSTRCPL1 in library MO2SB0000 is empty.
18:52:16.926 [WARN] [MSG0201]: No element in list MO2SB0000/LSTRCPL1.
18:52:16.926 [WARN] [MSG0233]: ---> BUILD/0430: executed, warning issued. ->
18:52:16.926 [INFO] Sequence 440: AEXCSQL SQLSTM('update MO2SB0000/LSTXREF s set LST_CZSEL7 = ( select t.TYP_CXTYPE FROM ARCAD_PRD/aARTTYPF1 t WHERE t.TYP_CISSRC = ''1'' and t.typ_ctype = s.LST_CTYPE and t.TYP_CCPLT = s.lst_ccplt  )                                         where exist
18:52:16.927 [INFO] Sequence 450: AEXCSQL SQLSTM(' delete   from MO2SB0000/lstxref   x    where  exists  (select lst_ctype from MO2SB0000/lstsrcbld s  where  s.LST_CZSEL7 = x.LST_CZSEL7 and s.lst_jobj = x.lst_jobj  and s.lst_ctype <> x.lst_ctype)')
18:52:16.927 [INFO] Sequence 280: ACALLSUBR SUBR(CPL2)
18:52:16.927 [INFO] Sequence 470: AEXTLST FROMLIST(MO2SB0000/LSTRCPL0) TOLIST(MO2SB0000/LSTRCPL2) TOLISTTEXT('List of source for order 8-11 (... *MODULE)') EXPR('LST_NORD *GE 8 *and LST_NORD *LE 11')
18:52:18.401 [INFO] Sequence 480: AEXTLST FROMLIST(MO2SB0000/LSTRCPLCPY) TOLIST(MO2SB0000/LSTRCPL2) OPTION(*ADD) EXPR('LST_NORD *GE 8 *and LST_NORD *LE 11')
18:52:18.402 [INFO] Sequence 490: AEXTLST FROMLIST(MO2SB0000/LSTXREF) TOLIST(MO2SB0000/LSTRCPL2) OPTION(*ADD) EXPR('LST_NORD *GE 8 *and LST_NORD *LE 11')
18:52:18.402 [INFO] Sequence 500: AEXTLST FROMLIST(MO2SB0000/LSTRCPL2) TOLIST(*NONE) RMVELEM(*YES) EXPR('LST_CTYPE *CT ''*''')
18:52:18.402 [INFO] Sequence 510: AUPDLST LIST(MO2SB0000/LSTRCPL2)
18:52:18.402 [INFO] Sequence 520: AINZLST LIST(MO2SB0000/LSTRCPL2) STATUS('H') FROMLIST(MO2SB0000/LSTDELETE)
18:52:18.403 [INFO] Sequence 530: ACHGVAR VAR(WLSTCPL) VALUE(LSTRCPL2)
18:52:18.403 [INFO] Sequence 540: ACPLOBJ OBJ(*LST) LIST(MO2SB0000/LSTRCPL2) SRCLIB(*LIBL) MODE(*INTER) XREFLIST(*YES) TOLIST(*CURENV/LSTXREF) CPLMOD1DEP(*NO) TGTRLS(*CURRENT) EVENTF(*EVENTF)
18:52:18.403 [WARN] [MSG0201]: No element in list MO2SB0000/LSTRCPL2.
18:52:18.403 [WARN] [MSG0233]: ---> BUILD/0540: executed, warning issued. ->
18:52:18.404 [INFO] Sequence 550: AEXCSQL SQLSTM('update MO2SB0000/LSTXREF s set LST_CZSEL7 = ( select t.TYP_CXTYPE FROM ARCAD_PRD/aARTTYPF1 t WHERE t.TYP_CISSRC = ''1'' and t.typ_ctype = s.LST_CTYPE and t.TYP_CCPLT = s.lst_ccplt  )                                         where exist
18:52:18.404 [INFO] Sequence 560: AEXCSQL SQLSTM(' delete   from MO2SB0000/lstxref   x    where  exists (select lst_ctype from MO2SB0000/lstsrcbld s  where  s.LST_CZSEL7 = x.LST_CZSEL7 and s.lst_jobj = x.lst_jobj  and s.lst_ctype <> x.lst_ctype)')
18:52:18.404 [INFO] Sequence 290: ACALLSUBR SUBR(CPL3)
18:52:18.404 [INFO] Sequence 580: AEXTLST FROMLIST(MO2SB0000/LSTRCPL0) TOLIST(MO2SB0000/LSTRCPL3) TOLISTTEXT('List of source for order 12 (*SRVPGM)') EXPR('LST_NORD *EQ 12')
18:52:18.405 [INFO] Sequence 590: AEXTLST FROMLIST(MO2SB0000/LSTXREF) TOLIST(MO2SB0000/LSTRCPL3) OPTION(*ADD) EXPR('LST_NORD *EQ 12')
18:52:18.405 [INFO] Sequence 600: AEXTLST FROMLIST(MO2SB0000/LSTRCPL3) TOLIST(*NONE) RMVELEM(*YES) EXPR('LST_CTYPE *CT ''*''')
18:52:18.405 [INFO] Sequence 610: AUPDLST LIST(MO2SB0000/LSTRCPL3)
18:52:18.406 [INFO] Sequence 620: AINZLST LIST(MO2SB0000/LSTRCPL3) STATUS('H') FROMLIST(MO2SB0000/LSTDELETE)
18:52:18.406 [INFO] Sequence 630: ACHGVAR VAR(WLSTCPL) VALUE(LSTRCPL3)
18:52:18.406 [INFO] Sequence 640: ACPLOBJ OBJ(*LST) LIST(MO2SB0000/LSTRCPL3) SRCLIB(*LIBL) MODE(*INTER) XREFLIST(*NO) TOLIST(*CURENV/LSTXREF) TGTRLS(*CURRENT) EVENTF(*EVENTF)
18:52:18.406 [WARN] [MSG0201]: No element in list MO2SB0000/LSTRCPL3.
18:52:18.407 [WARN] [MSG0233]: ---> BUILD/0640: executed, warning issued. ->
18:52:18.407 [INFO] Sequence 650: AADJLSTORD LIST(MO2SB0000/LSTRCPL3) SRCLIB(*LIBL) FILE(*NO) SRVPGM(*YES)
18:52:18.407 [INFO] Sequence 660: ACPLOBJ OBJ(*LST) LIST(MO2SB0000/LSTRCPL3) SRCLIB(*LIBL) MODE(*INTER) XREFLIST(*YES) TOLIST(*CURENV/LSTXREF) TGTRLS(*CURRENT) EVENTF(*EVENTF)
18:52:18.407 [WARN] [MSG0201]: No element in list MO2SB0000/LSTRCPL3.
18:52:18.407 [WARN] [MSG0233]: ---> BUILD/0660: executed, warning issued. ->
18:52:18.407 [INFO] Sequence 670: AEXCSQL SQLSTM('update MO2SB0000/LSTXREF s set LST_CZSEL7 = ( select t.TYP_CXTYPE FROM ARCAD_PRD/aARTTYPF1 t WHERE t.TYP_CISSRC = ''1'' and t.typ_ctype = s.LST_CTYPE and t.TYP_CCPLT = s.lst_ccplt  )                                         where exist
18:52:18.408 [INFO] Sequence 680: AEXCSQL SQLSTM(' delete   from MO2SB0000/lstxref   x    where  exists  (select lst_ctype from MO2SB0000/lstsrcbld s  where  s.LST_CZSEL7 = x.LST_CZSEL7 and s.lst_jobj = x.lst_jobj  and s.lst_ctype <> x.lst_ctype)')
18:52:18.408 [INFO] Sequence 300: ACALLSUBR SUBR(CPL4)
18:52:18.408 [INFO] Sequence 700: AEXTLST FROMLIST(MO2SB0000/LSTRCPL0) TOLIST(MO2SB0000/LSTRCPL4) TOLISTTEXT('List of sources of order 13-xx(... *PGM)') EXPR('LST_NORD *GE 13')
18:52:18.408 [INFO] Sequence 710: AEXTLST FROMLIST(MO2SB0000/LSTRCPLCPY) TOLIST(MO2SB0000/LSTRCPL4) OPTION(*ADD) EXPR('LST_NORD *GE 13')
18:52:18.409 [INFO] Sequence 720: AEXTLST FROMLIST(MO2SB0000/LSTXREF) TOLIST(MO2SB0000/LSTRCPL4) OPTION(*ADD) EXPR('LST_NORD *GE 13')
18:52:18.409 [INFO] Sequence 730: AEXTLST FROMLIST(MO2SB0000/LSTRCPL4) TOLIST(*NONE) RMVELEM(*YES) EXPR('LST_CTYPE *CT ''*''')
18:52:18.409 [INFO] Sequence 740: AUPDLST LIST(MO2SB0000/LSTRCPL4)
18:52:19.888 [INFO] Sequence 750: AINZLST LIST(MO2SB0000/LSTRCPL4) STATUS('H') FROMLIST(MO2SB0000/LSTDELETE)
18:52:19.889 [INFO] Sequence 760: ACHGVAR VAR(WLSTCPL) VALUE(LSTRCPL4)
18:52:19.889 [INFO] Sequence 770: ACPLOBJ OBJ(*LST) LIST(MO2SB0000/LSTRCPL4) SRCLIB(*LIBL) MODE(*INTER) XREFLIST(*YES) TOLIST(*CURENV/LSTXREF) TGTRLS(*CURRENT) EVENTF(*EVENTF)
18:52:19.889 [WARN] [MSG0201]: No element in list MO2SB0000/LSTRCPL4.
18:52:19.889 [WARN] [MSG0233]: ---> BUILD/0770: executed, warning issued. ->
18:52:19.890 [INFO] Sequence 310: AEXCLST LIST(MO2SB0000/LSTBYPASS) CMD(AHLDLSTE OBJ($LLIB/$LOBJ) TYPE($LTYPE) FROMLIST(MO2SB0000/LSTXREF))
18:52:19.890 [INFO] Sequence 320: /* */
18:52:19.890 [INFO] Sequence 330: ACRTVERLST APP(MMO2) ENV(DEV) VERSION(SB.00.00) CHKRCPL(*ABN) CHKMRG(*NOCTL) CHKLNKAPP(*ATTN) CHKSIGNAT(*ALL) SRCLIST(MO2SB0000/LSTSRC) CPLLIST(MO2SB0000/LSTRCPL) CHGOBJLIST(MO2SB0000/LSTCHGOBJ) OBJLIST(MO2SB0000/LSTOBJ) RMVLIST(MO2SB0000/LSTRMV) VER
18:52:22.353 [INFO] Sequence 340: ACHGVAR VAR(WSTATUS) VALUE(OK)
18:52:22.353 [INFO] Sequence 350: /* */
18:52:22.353 [INFO] Sequence 360: AEXCLST LIST(MO2SB0000/LSTSRCBLD) CMD(ACHKOBJIN OBJ($LOBJ) TYPE($LTYPE)) MONMSG(MSG1244 MSG1307)
18:52:22.354 [INFO] Sequence 370: AIF COND((*IF OK *NE 'OK')) THEN(ACALLSUBR SUBR(ERROR))
18:52:23.006 [INFO] Job 390120/BENOIT/BUILD ended normally
18:52:23.017 [INFO] Version MMO2 DEV SB.00.00 build is successful.
18:52:23.417 [INFO] 0 component(s) successfully compiled
18:52:23.418 [INFO] Writing compilation logs
18:52:23.428 [INFO] Writing 1 spooled file(s)
18:52:23.754 [INFO] Writing 0 event file(s)
